<?xml version="1.0" encoding="UTF-8"?>
<!-- Generated by org.testng.reporters.JUnitReportReporter -->
<testsuite hostname="DESKTOP-1BG2D9V" failures="0" tests="1" name="com.simplilearn.resttesting.PostRequestTest" time="5.436" errors="0" timestamp="2024-01-18T11:03:50 IST" skipped="0">
  <testcase classname="com.simplilearn.resttesting.PostRequestTest" name="postRequestTest" time="5.436"/>
</testsuite> <!-- com.simplilearn.resttesting.PostRequestTest -->
