<?xml version="1.0" encoding="UTF-8"?>
<!-- Generated by org.testng.reporters.JUnitReportReporter -->
<testsuite hostname="DESKTOP-1BG2D9V" failures="0" tests="2" name="com.simplilearn.authtesting.OauthAuthenticationTest" time="3.184" errors="0" timestamp="2024-01-19T12:14:31 IST" skipped="0">
  <testcase classname="com.simplilearn.authtesting.OauthAuthenticationTest" name="testAuthenticationToken" time="1.646"/>
  <testcase classname="com.simplilearn.authtesting.OauthAuthenticationTest" name="testAuthenticationBasedOnCredsToken" time="1.538"/>
</testsuite> <!-- com.simplilearn.authtesting.OauthAuthenticationTest -->
