<?xml version="1.0" encoding="UTF-8"?>
<!-- Generated by org.testng.reporters.JUnitReportReporter -->
<testsuite hostname="DESKTOP-1BG2D9V" failures="0" tests="1" name="com.simplilearn.resttesting.PostRequestTest" time="2.962" errors="0" timestamp="2024-01-18T12:59:42 IST" skipped="0">
  <testcase classname="com.simplilearn.resttesting.PostRequestTest" name="postRequestTest" time="2.962"/>
</testsuite> <!-- com.simplilearn.resttesting.PostRequestTest -->
