<?xml version="1.0" encoding="UTF-8"?>
<!-- Generated by org.testng.reporters.JUnitReportReporter -->
<testsuite hostname="DESKTOP-1BG2D9V" failures="0" tests="2" name="com.simplilearn.authtesting.SSLAuthenticationTest" time="1.117" errors="0" timestamp="2024-01-19T12:14:31 IST" skipped="0">
  <testcase classname="com.simplilearn.authtesting.SSLAuthenticationTest" name="testSSLCertificate1" time="0.754"/>
  <testcase classname="com.simplilearn.authtesting.SSLAuthenticationTest" name="testSSLCertificate2" time="0.363"/>
</testsuite> <!-- com.simplilearn.authtesting.SSLAuthenticationTest -->
