<?xml version="1.0" encoding="UTF-8"?>
<!-- Generated by org.testng.reporters.JUnitReportReporter -->
<testsuite hostname="DESKTOP-1BG2D9V" failures="0" tests="1" name="com.simplilearn.resttesting.PutRequestTest" time="2.429" errors="0" timestamp="2024-01-18T12:59:42 IST" skipped="0">
  <testcase classname="com.simplilearn.resttesting.PutRequestTest" name="putRequestTest" time="2.429"/>
</testsuite> <!-- com.simplilearn.resttesting.PutRequestTest -->
