<?xml version="1.0" encoding="UTF-8"?>
<!-- Generated by org.testng.reporters.JUnitReportReporter -->
<testsuite hostname="DESKTOP-1BG2D9V" failures="0" tests="3" name="com.simplilearn.resttesting.DeleteRequestTest" time="3.585" errors="0" timestamp="2024-01-18T12:59:42 IST" skipped="0">
  <testcase classname="com.simplilearn.resttesting.DeleteRequestTest" name="putRequestTest" time="1.215"/>
  <testcase classname="com.simplilearn.resttesting.DeleteRequestTest" name="putRequestTest" time="1.182"/>
  <testcase classname="com.simplilearn.resttesting.DeleteRequestTest" name="putRequestTest" time="1.188"/>
</testsuite> <!-- com.simplilearn.resttesting.DeleteRequestTest -->
