<?xml version="1.0" encoding="UTF-8"?>
<!-- Generated by org.testng.reporters.JUnitReportReporter -->
<testsuite hostname="DESKTOP-1BG2D9V" failures="0" tests="1" name="com.simplilearn.resttesting.PatchRequestTest" time="1.604" errors="0" timestamp="2024-01-22T09:36:06 IST" skipped="0">
  <testcase classname="com.simplilearn.resttesting.PatchRequestTest" name="putRequestTest" time="1.604"/>
</testsuite> <!-- com.simplilearn.resttesting.PatchRequestTest -->
