<?xml version="1.0" encoding="UTF-8"?>
<!-- Generated by org.testng.reporters.JUnitReportReporter -->
<testsuite hostname="DESKTOP-1BG2D9V" failures="0" tests="1" name="com.simplilearn.authtest.AuthenticationTest" time="5.385" errors="0" timestamp="2024-01-18T12:55:44 IST" skipped="0">
  <testcase classname="com.simplilearn.authtest.AuthenticationTest" name="testAuthenticationToken" time="5.385"/>
</testsuite> <!-- com.simplilearn.authtest.AuthenticationTest -->
