<?xml version="1.0" encoding="UTF-8"?>
<!-- Generated by org.testng.reporters.JUnitReportReporter -->
<testsuite hostname="DESKTOP-1BG2D9V" failures="0" tests="1" name="com.simplilearn.soaptesting.NumberToWordConversion" time="2.475" errors="0" timestamp="2024-01-18T12:59:42 IST" skipped="0">
  <testcase classname="com.simplilearn.soaptesting.NumberToWordConversion" name="postXMLRequestTest" time="2.475"/>
</testsuite> <!-- com.simplilearn.soaptesting.NumberToWordConversion -->
