<?xml version="1.0" encoding="UTF-8"?>
<!-- Generated by org.testng.reporters.JUnitReportReporter -->
<testsuite hostname="DESKTOP-1BG2D9V" failures="0" tests="1" name="com.simplilearn.authtesting.AuthenticationTest2" time="3.750" errors="0" timestamp="2024-01-19T09:10:09 IST" skipped="0">
  <testcase classname="com.simplilearn.authtesting.AuthenticationTest2" name="testAuthenticationToken" time="3.750"/>
</testsuite> <!-- com.simplilearn.authtesting.AuthenticationTest2 -->
