<?xml version="1.0" encoding="UTF-8"?>
<!-- Generated by org.testng.reporters.JUnitReportReporter -->
<testsuite hostname="DESKTOP-1BG2D9V" failures="0" tests="1" name="com.simplilearn.authtesting.AuthenticationTest" time="1.237" errors="0" timestamp="2024-01-18T12:59:42 IST" skipped="0">
  <testcase classname="com.simplilearn.authtesting.AuthenticationTest" name="testAuthenticationToken" time="1.237"/>
</testsuite> <!-- com.simplilearn.authtesting.AuthenticationTest -->
