<?xml version="1.0" encoding="UTF-8"?>
<!-- Generated by org.testng.reporters.JUnitReportReporter -->
<testsuite hostname="DESKTOP-1BG2D9V" failures="0" tests="4" name="com.simplilearn.logstesting.TestLogs" time="0.015" errors="0" timestamp="2024-01-19T10:36:25 IST" skipped="0">
  <testcase classname="com.simplilearn.logstesting.TestLogs" name="testDebugLogs" time="0.010"/>
  <testcase classname="com.simplilearn.logstesting.TestLogs" name="testInfoLogs" time="0.002"/>
  <testcase classname="com.simplilearn.logstesting.TestLogs" name="testWarnLogs" time="0.002"/>
  <testcase classname="com.simplilearn.logstesting.TestLogs" name="testErrorLogs" time="0.001"/>
</testsuite> <!-- com.simplilearn.logstesting.TestLogs -->
