<?xml version="1.0" encoding="UTF-8"?>
<!-- Generated by org.testng.reporters.JUnitReportReporter -->
<testsuite hostname="DESKTOP-1BG2D9V" failures="0" tests="3" name="com.simplilearn.resttesting.GetRequestTest" time="4.847" errors="0" timestamp="2024-01-19T12:14:31 IST" skipped="0">
  <testcase classname="com.simplilearn.resttesting.GetRequestTest" name="getRequestTest" time="3.540"/>
  <testcase classname="com.simplilearn.resttesting.GetRequestTest" name="getRequestWithUserIdTest" time="0.611"/>
  <testcase classname="com.simplilearn.resttesting.GetRequestTest" name="getRequestWithQueryParmsTest" time="0.696"/>
</testsuite> <!-- com.simplilearn.resttesting.GetRequestTest -->
