<?xml version="1.0" encoding="UTF-8"?>
<!-- Generated by org.testng.reporters.JUnitReportReporter -->
<testsuite hostname="DESKTOP-1BG2D9V" failures="0" tests="3" name="com.simplilearn.resttesting.DeleteRequestTest" time="1.986" errors="0" timestamp="2024-01-19T12:14:31 IST" skipped="0">
  <testcase classname="com.simplilearn.resttesting.DeleteRequestTest" name="putRequestTest" time="0.683"/>
  <testcase classname="com.simplilearn.resttesting.DeleteRequestTest" name="putRequestTest" time="0.652"/>
  <testcase classname="com.simplilearn.resttesting.DeleteRequestTest" name="putRequestTest" time="0.651"/>
</testsuite> <!-- com.simplilearn.resttesting.DeleteRequestTest -->
