<?xml version="1.0" encoding="UTF-8"?>
<!-- Generated by org.testng.reporters.JUnitReportReporter -->
<testsuite hostname="DESKTOP-1BG2D9V" failures="0" tests="3" name="com.simplilearn.resttesting.GetRequestTest" time="6.057" errors="0" timestamp="2024-01-18T12:59:42 IST" skipped="0">
  <testcase classname="com.simplilearn.resttesting.GetRequestTest" name="getRequestWithQueryParmsTest" time="0.999"/>
  <testcase classname="com.simplilearn.resttesting.GetRequestTest" name="getRequestWithUserIdTest" time="0.887"/>
  <testcase classname="com.simplilearn.resttesting.GetRequestTest" name="getRequestTest" time="4.171"/>
</testsuite> <!-- com.simplilearn.resttesting.GetRequestTest -->
