<?xml version="1.0" encoding="UTF-8"?>
<!-- Generated by org.testng.reporters.JUnitReportReporter -->
<testsuite hostname="DESKTOP-1BG2D9V" failures="0" tests="1" name="com.simplilearn.soaptesting.NumberToWordConversion" time="3.664" errors="0" timestamp="2024-01-22T09:36:06 IST" skipped="0">
  <testcase classname="com.simplilearn.soaptesting.NumberToWordConversion" name="postXMLRequestTest" time="3.664"/>
</testsuite> <!-- com.simplilearn.soaptesting.NumberToWordConversion -->
